<?xml version="1.0" encoding="UTF-8"?>
<testsuite name="com.trello.qa.tests.BoardModificationTest" tests="1" skipped="0" failures="0" errors="0" timestamp="2019-09-22T23:52:14" hostname="street" time="20.905">
  <properties/>
  <testcase name="renameBoard" classname="com.trello.qa.tests.BoardModificationTest" time="20.905"/>
  <system-out><![CDATA[]]></system-out>
  <system-err><![CDATA[]]></system-err>
</testsuite>
